nohup: ignoring input
start to create handle.
WARNING: Logging before InitGoogleLogging() is written to STDERR
I1215 11:22:03.380988 19539 model_helper.cpp:163] Decrypt binary file ...
I1215 11:22:03.917677 19539 model_helper.cpp:168] Split mean file ...
I1215 11:22:03.917749 19539 model_helper.cpp:182] Split model to prototxt and caffemodel ...
I1215 11:22:04.351829 19539 net.cpp:301] This network produces output label
I1215 11:22:04.351907 19539 net.cpp:301] This network produces output output
I1215 11:22:04.352069 19539 net.cpp:314] Network initialization done.
Successed to create handle.
Starting the server...
Incoming connection
	SocketInfo: <Host: ::ffff:10.168.153.200 Port: 36343>
	PeerHost: ::ffff:10.168.153.200
	PeerAddress: ::ffff:10.168.153.200
	PeerPort: 36343
ping()
cover:-1
now:2016-12-15-15:32:53
imagePath:/home/app/userimage/image/2016-12-15/2016-12-15-15:32:531fdfa245-23f3-4dfd-8814-c428476405c0.jpg
******coveridentifystart:2016-12-15-15:32:53
isCover:1, score: 1
******coveridentifyend:2016-12-15-15:32:55
isCover:1 prediction::958 score:1
#####################:97
#####################:958
Incoming connection
	SocketInfo: <Host: ::ffff:10.168.153.200 Port: 36378>
	PeerHost: ::ffff:10.168.153.200
	PeerAddress: ::ffff:10.168.153.200
	PeerPort: 36378
ping()
cover:-1
now:2016-12-15-20:41:35
imagePath:/home/app/userimage/image/2016-12-15/2016-12-15-20:41:35ba7fb1a8-75cc-491b-b18e-e5a985c388ff.jpg
******coveridentifystart:2016-12-15-20:41:35
isCover:0, score: 1
******coveridentifyend:2016-12-15-20:41:37
isCover:0 prediction::394 score:0.265627
#####################:97
******contentreadstart:2016-12-15-20:41:37
feaPath:/home/app/feas/-1.txt
Incoming connection
	SocketInfo: <Host: ::ffff:10.168.153.200 Port: 36379>
	PeerHost: ::ffff:10.168.153.200
	PeerAddress: ::ffff:10.168.153.200
	PeerPort: 36379
ping()
cover:-1
now:2016-12-15-20:42:29
imagePath:/home/app/userimage/image/2016-12-15/2016-12-15-20:42:29b445ea54-720d-4408-94ff-3190e2f48ee1.jpg
******coveridentifystart:2016-12-15-20:42:29
isCover:1, score: 1
******coveridentifyend:2016-12-15-20:42:31
isCover:1 prediction::958 score:1
#####################:97
#####################:958
Incoming connection
	SocketInfo: <Host: ::ffff:10.168.153.200 Port: 36394>
	PeerHost: ::ffff:10.168.153.200
	PeerAddress: ::ffff:10.168.153.200
	PeerPort: 36394
ping()
cover:-1
now:2016-12-15-20:57:40
imagePath:/home/app/userimage/image/2016-12-15/2016-12-15-20:57:4000b7ca17-89f5-4751-8ba5-e85e9d5d2af6.jpg
******coveridentifystart:2016-12-15-20:57:40
Incoming connection
	SocketInfo: <Host: ::ffff:10.168.153.200 Port: 36395>
	PeerHost: ::ffff:10.168.153.200
	PeerAddress: ::ffff:10.168.153.200
	PeerPort: 36395
ping()
cover:-1
now:2016-12-15-20:57:42
imagePath:/home/app/userimage/image/2016-12-15/2016-12-15-20:57:42a2a7c661-427e-437c-9156-e85c7a5336ca.jpg
******coveridentifystart:2016-12-15-20:57:42
isCover:0, score: 1
******coveridentifyend:2016-12-15-20:57:42
isCover:0 prediction::193 score:0.617527
#####################:97
******contentreadstart:2016-12-15-20:57:42
feaPath:/home/app/feas/-1.txt
Incoming connection
	SocketInfo: <Host: ::ffff:10.168.153.200 Port: 36396>
	PeerHost: ::ffff:10.168.153.200
	PeerAddress: ::ffff:10.168.153.200
	PeerPort: 36396
ping()
cover:-1
now:2016-12-15-20:57:44
imagePath:/home/app/userimage/image/2016-12-15/2016-12-15-20:57:4431ac4231-4f5c-4dca-9359-04b61214cb4e.jpg
******coveridentifystart:2016-12-15-20:57:44
isCover:0, score: 1
******coveridentifyend:2016-12-15-20:57:44
isCover:0 prediction::998 score:1
#####################:97
******contentreadstart:2016-12-15-20:57:44
feaPath:/home/app/feas/-1.txt
Incoming connection
	SocketInfo: <Host: ::ffff:10.168.153.200 Port: 36397>
	PeerHost: ::ffff:10.168.153.200
	PeerAddress: ::ffff:10.168.153.200
	PeerPort: 36397
ping()
cover:-1
now:2016-12-15-20:57:45
imagePath:/home/app/userimage/image/2016-12-15/2016-12-15-20:57:456cfd5ad9-a281-46fb-9cd9-998cee7c8625.jpg
******coveridentifystart:2016-12-15-20:57:45
isCover:0, score: 1
******coveridentifyend:2016-12-15-20:57:46
isCover:0 prediction::737 score:0.309546
#####################:97
******contentreadstart:2016-12-15-20:57:46
feaPath:/home/app/feas/-1.txt
Incoming connection
	SocketInfo: <Host: ::ffff:10.168.153.200 Port: 36398>
	PeerHost: ::ffff:10.168.153.200
	PeerAddress: ::ffff:10.168.153.200
	PeerPort: 36398
ping()
cover:-1
now:2016-12-15-20:57:47
imagePath:/home/app/userimage/image/2016-12-15/2016-12-15-20:57:477bf6be48-ad63-4e6e-94a5-e29f42ff556d.jpg
******coveridentifystart:2016-12-15-20:57:47
isCover:0, score: 1
******coveridentifyend:2016-12-15-20:57:47
isCover:0 prediction::178 score:0.583436
#####################:97
******contentreadstart:2016-12-15-20:57:47
feaPath:/home/app/feas/-1.txt
isCover:0, score: 1
******coveridentifyend:2016-12-15-20:57:49
isCover:0 prediction::178 score:0.646489
#####################:97
******contentreadstart:2016-12-15-20:57:49
feaPath:/home/app/feas/-1.txt
Incoming connection
	SocketInfo: <Host: ::ffff:10.168.153.200 Port: 36399>
	PeerHost: ::ffff:10.168.153.200
	PeerAddress: ::ffff:10.168.153.200
	PeerPort: 36399
ping()
cover:-1
now:2016-12-15-20:57:51
imagePath:/home/app/userimage/image/2016-12-15/2016-12-15-20:57:51a4462b31-9e2f-434a-8367-d765deb3bd66.jpg
******coveridentifystart:2016-12-15-20:57:51
Incoming connection
	SocketInfo: <Host: ::ffff:10.168.153.200 Port: 36400>
	PeerHost: ::ffff:10.168.153.200
	PeerAddress: ::ffff:10.168.153.200
	PeerPort: 36400
ping()
cover:-1
now:2016-12-15-20:57:51
imagePath:/home/app/userimage/image/2016-12-15/2016-12-15-20:57:51f8c6ea8d-7966-45fb-bfb8-f056930e8996.jpg
******coveridentifystart:2016-12-15-20:57:51
isCover:0, score: 1
******coveridentifyend:2016-12-15-20:57:53
isCover:0 prediction::178 score:0.506103
#####################:97
******contentreadstart:2016-12-15-20:57:53
feaPath:/home/app/feas/-1.txt
isCover:0, score: 1
******coveridentifyend:2016-12-15-20:57:53
isCover:0 prediction::20 score:1
#####################:97
******contentreadstart:2016-12-15-20:57:53
feaPath:/home/app/feas/-1.txt
Incoming connection
	SocketInfo: <Host: ::ffff:10.168.153.200 Port: 36401>
	PeerHost: ::ffff:10.168.153.200
	PeerAddress: ::ffff:10.168.153.200
	PeerPort: 36401
ping()
cover:-1
now:2016-12-15-20:57:54
imagePath:/home/app/userimage/image/2016-12-15/2016-12-15-20:57:541dbdf8c6-79c5-49be-aafb-ae6bec8fb19c.jpg
******coveridentifystart:2016-12-15-20:57:54
Incoming connection
	SocketInfo: <Host: ::ffff:10.168.153.200 Port: 36402>
	PeerHost: ::ffff:10.168.153.200
	PeerAddress: ::ffff:10.168.153.200
	PeerPort: 36402
ping()
cover:-1
now:2016-12-15-20:57:55
imagePath:/home/app/userimage/image/2016-12-15/2016-12-15-20:57:552742ff7c-330a-4bfa-bfe1-dafb076b54ec.jpg
******coveridentifystart:2016-12-15-20:57:55
isCover:0, score: 1
******coveridentifyend:2016-12-15-20:57:56
isCover:0 prediction::178 score:0.280284
#####################:97
******contentreadstart:2016-12-15-20:57:56
feaPath:/home/app/feas/-1.txt
Incoming connection
	SocketInfo: <Host: ::ffff:10.168.153.200 Port: 36403>
	PeerHost: ::ffff:10.168.153.200
	PeerAddress: ::ffff:10.168.153.200
	PeerPort: 36403
ping()
cover:-1
now:2016-12-15-20:57:57
imagePath:/home/app/userimage/image/2016-12-15/2016-12-15-20:57:57a9adfa7e-0cb2-4848-88f2-13739bf41255.jpg
******coveridentifystart:2016-12-15-20:57:57
isCover:0, score: 1
******coveridentifyend:2016-12-15-20:57:57
isCover:0 prediction::522 score:0.876591
#####################:97
******contentreadstart:2016-12-15-20:57:57
feaPath:/home/app/feas/-1.txt
isCover:0, score: 1
******coveridentifyend:2016-12-15-20:57:59
isCover:0 prediction::658 score:0.993372
#####################:97
******contentreadstart:2016-12-15-20:57:59
feaPath:/home/app/feas/-1.txt
Incoming connection
	SocketInfo: <Host: ::ffff:10.168.153.200 Port: 36404>
	PeerHost: ::ffff:10.168.153.200
	PeerAddress: ::ffff:10.168.153.200
	PeerPort: 36404
ping()
cover:-1
now:2016-12-15-21:03:23
imagePath:/home/app/userimage/image/2016-12-15/2016-12-15-21:03:239a4062d4-b79f-4b91-816f-4fcf8a27aa06.jpg
******coveridentifystart:2016-12-15-21:03:23
Incoming connection
	SocketInfo: <Host: ::ffff:10.168.153.200 Port: 36405>
	PeerHost: ::ffff:10.168.153.200
	PeerAddress: ::ffff:10.168.153.200
	PeerPort: 36405
ping()
cover:-1
now:2016-12-15-21:03:26
imagePath:/home/app/userimage/image/2016-12-15/2016-12-15-21:03:260ed359e9-a8c1-4f14-89d5-acaf9645ec61.jpg
******coveridentifystart:2016-12-15-21:03:26
isCover:0, score: 1
******coveridentifyend:2016-12-15-21:03:26
isCover:0 prediction::884 score:0.225005
#####################:97
******contentreadstart:2016-12-15-21:03:26
feaPath:/home/app/feas/-1.txt
Incoming connection
	SocketInfo: <Host: ::ffff:10.168.153.200 Port: 36406>
	PeerHost: ::ffff:10.168.153.200
	PeerAddress: ::ffff:10.168.153.200
	PeerPort: 36406
ping()
cover:-1
now:2016-12-15-21:03:27
imagePath:/home/app/userimage/image/2016-12-15/2016-12-15-21:03:277a2fbb39-5a57-4942-b5e0-f71a0a915e4c.jpg
******coveridentifystart:2016-12-15-21:03:27
isCover:0, score: 1
******coveridentifyend:2016-12-15-21:03:28
isCover:0 prediction::197 score:0.838431
#####################:97
******contentreadstart:2016-12-15-21:03:28
feaPath:/home/app/feas/-1.txt
Incoming connection
	SocketInfo: <Host: ::ffff:10.168.153.200 Port: 36407>
	PeerHost: ::ffff:10.168.153.200
	PeerAddress: ::ffff:10.168.153.200
	PeerPort: 36407
ping()
cover:-1
now:2016-12-15-21:03:29
imagePath:/home/app/userimage/image/2016-12-15/2016-12-15-21:03:29c612898c-4a53-4f97-bafa-169a5d39850d.jpg
******coveridentifystart:2016-12-15-21:03:29
isCover:1, score: 1
******coveridentifyend:2016-12-15-21:03:30
isCover:1 prediction::0 score:0.708486
#####################:97
******contentreadstart:2016-12-15-21:03:30
feaPath:/home/app/feas/-1.txt
Incoming connection
	SocketInfo: <Host: ::ffff:10.168.153.200 Port: 36408>
	PeerHost: ::ffff:10.168.153.200
	PeerAddress: ::ffff:10.168.153.200
	PeerPort: 36408
ping()
cover:-1
now:2016-12-15-21:03:31
imagePath:/home/app/userimage/image/2016-12-15/2016-12-15-21:03:319cb105d1-ad8b-463a-919e-b47de68543b9.jpg
******coveridentifystart:2016-12-15-21:03:31
isCover:0, score: 1
******coveridentifyend:2016-12-15-21:03:32
isCover:0 prediction::843 score:0.271557
#####################:97
******contentreadstart:2016-12-15-21:03:32
feaPath:/home/app/feas/-1.txt
Incoming connection
	SocketInfo: <Host: ::ffff:10.168.153.200 Port: 36409>
	PeerHost: ::ffff:10.168.153.200
	PeerAddress: ::ffff:10.168.153.200
	PeerPort: 36409
ping()
cover:-1
now:2016-12-15-21:03:33
imagePath:/home/app/userimage/image/2016-12-15/2016-12-15-21:03:33c2f42785-2617-4924-978a-ed1851becc8a.jpg
******coveridentifystart:2016-12-15-21:03:33
isCover:0, score: 1
******coveridentifyend:2016-12-15-21:03:34
isCover:0 prediction::615 score:1
#####################:97
******contentreadstart:2016-12-15-21:03:34
feaPath:/home/app/feas/-1.txt
Incoming connection
	SocketInfo: <Host: ::ffff:10.168.153.200 Port: 36410>
	PeerHost: ::ffff:10.168.153.200
	PeerAddress: ::ffff:10.168.153.200
	PeerPort: 36410
ping()
cover:-1
now:2016-12-15-21:03:35
imagePath:/home/app/userimage/image/2016-12-15/2016-12-15-21:03:356e087851-c4d3-42d5-8ad5-d725f8905a28.jpg
******coveridentifystart:2016-12-15-21:03:35
isCover:0, score: 1
******coveridentifyend:2016-12-15-21:03:36
isCover:0 prediction::197 score:0.49416
#####################:97
******contentreadstart:2016-12-15-21:03:36
feaPath:/home/app/feas/-1.txt
Incoming connection
	SocketInfo: <Host: ::ffff:10.168.153.200 Port: 36411>
	PeerHost: ::ffff:10.168.153.200
	PeerAddress: ::ffff:10.168.153.200
	PeerPort: 36411
ping()
cover:-1
now:2016-12-15-21:03:37
imagePath:/home/app/userimage/image/2016-12-15/2016-12-15-21:03:37c3a93ac5-9e20-4447-a3f0-87492f92f83c.jpg
******coveridentifystart:2016-12-15-21:03:37
isCover:0, score: 1
******coveridentifyend:2016-12-15-21:03:38
isCover:0 prediction::197 score:0.758664
#####################:97
******contentreadstart:2016-12-15-21:03:38
feaPath:/home/app/feas/-1.txt
Incoming connection
	SocketInfo: <Host: ::ffff:10.168.153.200 Port: 36412>
	PeerHost: ::ffff:10.168.153.200
	PeerAddress: ::ffff:10.168.153.200
	PeerPort: 36412
ping()
cover:-1
now:2016-12-15-21:03:39
imagePath:/home/app/userimage/image/2016-12-15/2016-12-15-21:03:39938f1058-71e1-42fc-ab42-4ef075fad6e3.jpg
******coveridentifystart:2016-12-15-21:03:39
isCover:0, score: 1
******coveridentifyend:2016-12-15-21:03:39
isCover:0 prediction::1140 score:0.998996
#####################:97
******contentreadstart:2016-12-15-21:03:39
feaPath:/home/app/feas/-1.txt
isCover:1, score: 0.999653
******coveridentifyend:2016-12-15-21:03:42
isCover:1 prediction::884 score:0.66564
#####################:97
******contentreadstart:2016-12-15-21:03:42
feaPath:/home/app/feas/-1.txt
Incoming connection
	SocketInfo: <Host: ::ffff:10.168.153.200 Port: 36413>
	PeerHost: ::ffff:10.168.153.200
	PeerAddress: ::ffff:10.168.153.200
	PeerPort: 36413
ping()
cover:-1
now:2016-12-15-21:07:28
imagePath:/home/app/userimage/image/2016-12-15/2016-12-15-21:07:28bb2a2320-9133-432e-89f5-98ccb07c222f.jpg
******coveridentifystart:2016-12-15-21:07:28
isCover:0, score: 1
******coveridentifyend:2016-12-15-21:07:31
isCover:0 prediction::58 score:0.0919074
#####################:97
******contentreadstart:2016-12-15-21:07:31
feaPath:/home/app/feas/-1.txt
Incoming connection
	SocketInfo: <Host: ::ffff:10.168.153.200 Port: 36414>
	PeerHost: ::ffff:10.168.153.200
	PeerAddress: ::ffff:10.168.153.200
	PeerPort: 36414
ping()
cover:-1
now:2016-12-15-21:27:12
imagePath:/home/app/userimage/image/2016-12-15/2016-12-15-21:27:12f5e0c392-6edb-433c-88bf-4c59a511c360.jpg
******coveridentifystart:2016-12-15-21:27:12
Incoming connection
	SocketInfo: <Host: ::ffff:10.168.153.200 Port: 36415>
	PeerHost: ::ffff:10.168.153.200
	PeerAddress: ::ffff:10.168.153.200
	PeerPort: 36415
ping()
cover:-1
now:2016-12-15-21:27:14
imagePath:/home/app/userimage/image/2016-12-15/2016-12-15-21:27:1406cc3653-6f5c-4b0f-b615-3103ccec781e.jpg
******coveridentifystart:2016-12-15-21:27:14
isCover:0, score: 1
******coveridentifyend:2016-12-15-21:27:15
isCover:0 prediction::135 score:0.353913
#####################:97
******contentreadstart:2016-12-15-21:27:15
feaPath:/home/app/feas/-1.txt
isCover:0, score: 1
******coveridentifyend:2016-12-15-21:27:17
isCover:0 prediction::196 score:1
#####################:97
******contentreadstart:2016-12-15-21:27:17
feaPath:/home/app/feas/-1.txt
